<?xml version="1.0" encoding="UTF-8"?>
<testng-results total="3" passed="3" failed="0" skipped="0">
  <reporter-output>
  </reporter-output>
  <suite started-at="2021-12-26T13:50:56Z" name="Suite" finished-at="2021-12-26T13:54:07Z" duration-ms="190886">
    <groups>
    </groups>
    <test started-at="2021-12-26T13:50:56Z" name="Test" finished-at="2021-12-26T13:54:07Z" duration-ms="190886">
      <class name="com.test.selenium.testCase.ExerciceTestCase">
        <test-method is-config="true" signature="setup(java.lang.String)[pri:0, instance:com.test.selenium.testCase.ExerciceTestCase@51bde877]" started-at="2021-12-26T14:50:56Z" name="setup" finished-at="2021-12-26T14:52:08Z" duration-ms="71556" status="PASS">
          <params>
            <param index="0">
              <value>
                <![CDATA[chrome]]>
              </value>
            </param>
          </params>
          <reporter-output>
          </reporter-output>
        </test-method> <!-- setup -->
        <test-method signature="accueil()[pri:0, instance:com.test.selenium.testCase.ExerciceTestCase@51bde877]" started-at="2021-12-26T14:52:08Z" name="accueil" description="Ce test permet de verifier si on est à la page d&#039;acueil" finished-at="2021-12-26T14:52:08Z" duration-ms="77" status="PASS">
          <reporter-output>
          </reporter-output>
        </test-method> <!-- accueil -->
        <test-method signature="exercice_1(java.lang.String)[pri:0, instance:com.test.selenium.testCase.ExerciceTestCase@51bde877]" started-at="2021-12-26T14:52:08Z" name="exercice_1" description="Ce test traite l&#039;exercice 1" finished-at="2021-12-26T14:52:46Z" depends-on-methods="com.test.selenium.testCase.ExerciceTestCase.accueil" duration-ms="38145" status="PASS">
          <params>
            <param index="0">
              <value>
                <![CDATA[ROUGE ALLURE]]>
              </value>
            </param>
          </params>
          <reporter-output>
          </reporter-output>
        </test-method> <!-- exercice_1 -->
        <test-method signature="exercice_2(java.lang.String, java.lang.String)[pri:0, instance:com.test.selenium.testCase.ExerciceTestCase@51bde877]" started-at="2021-12-26T14:52:46Z" name="exercice_2" description="Ce test traite l&#039;exercie 2" finished-at="2021-12-26T14:53:43Z" depends-on-methods="com.test.selenium.testCase.ExerciceTestCase.accueil" duration-ms="57603" status="PASS">
          <params>
            <param index="0">
              <value>
                <![CDATA[1]]>
              </value>
            </param>
            <param index="1">
              <value>
                <![CDATA[ROUGE ALLURE]]>
              </value>
            </param>
          </params>
          <reporter-output>
          </reporter-output>
        </test-method> <!-- exercice_2 -->
        <test-method is-config="true" signature="browserClose()[pri:0, instance:com.test.selenium.testCase.ExerciceTestCase@51bde877]" started-at="2021-12-26T14:53:43Z" name="browserClose" finished-at="2021-12-26T14:54:07Z" duration-ms="23426" status="PASS">
          <reporter-output>
          </reporter-output>
        </test-method> <!-- browserClose -->
      </class> <!-- com.test.selenium.testCase.ExerciceTestCase -->
    </test> <!-- Test -->
  </suite> <!-- Suite -->
</testng-results>
